<?xml version="1.0" encoding="UTF-8"?>
<testsuite xmlns:xsi="http://www.w3.org/2001/XMLSchema-instance" xsi:noNamespaceSchemaLocation="https://maven.apache.org/surefire/maven-surefire-plugin/xsd/surefire-test-report-3.0.xsd" version="3.0" name="com.debateai.DebateAiApplicationTests" time="1.93" tests="1" errors="0" skipped="0" failures="0">
  <properties>
[...]
</properties>
  <testcase name="contextLoads" classname="com.debateai.DebateAiApplicationTests" time="0.405">
    <system-out><![CDATA[16:27:45.415 [main] INFO org.springframework.test.context.support.AnnotationConfigContextLoaderUtils -- Could not detect default configuration classes for test class [com.debateai.DebateAiApplicationTests]: DebateAiApplicationTests does not declare any static, non-private, non-final, nested classes annotated with @Configuration.
16:27:45.481 [main] INFO org.springframework.boot.test.context.SpringBootTestContextBootstrapper -- Found @SpringBootConfiguration com.debateai.DebateAiApplication for test class com.debateai.DebateAiApplicationTests
16:27:45.560 [main] INFO org.springframework.boot.devtools.restart.RestartApplicationListener -- Restart disabled due to context in which it is running

  .   ____          _            __ _ _
 /\\ / ___'_ __ _ _(_)_ __  __ _ \ \ \ \
( ( )\___ | '_ | '_| | '_ \/ _` | \ \ \ \
 \\/  ___)| |_)| | | | | || (_| |  ) ) ) )
  '  |____| .__|_| |_|_| |_\__, | / / / /
 =========|_|==============|___/=/_/_/_/

 :: Spring Boot ::               (v3.3.10)

2026-03-03T16:27:45.717+05:30  INFO 13980 --- [multi-agent-ai-debate-system] [           main] com.debateai.DebateAiApplicationTests    : Starting DebateAiApplicationTests using Java 25.0.2 with PID 13980 (started by surya in /Users/surya/Documents/Projects/DebateAI)
2026-03-03T16:27:45.718+05:30  INFO 13980 --- [multi-agent-ai-debate-system] [           main] com.debateai.DebateAiApplicationTests    : No active profile set, falling back to 1 default profile: "default"
2026-03-03T16:27:46.751+05:30  INFO 13980 --- [multi-agent-ai-debate-system] [           main] o.s.b.a.e.web.EndpointLinksResolver      : Exposing 3 endpoints beneath base path '/actuator'
2026-03-03T16:27:46.794+05:30  INFO 13980 --- [multi-agent-ai-debate-system] [           main] com.debateai.DebateAiApplicationTests    : Started DebateAiApplicationTests in 1.245 seconds (process running for 1.782)
]]></system-out>
    <system-err><![CDATA[WARNING: A Java agent has been loaded dynamically (/Users/surya/.m2/repository/net/bytebuddy/byte-buddy-agent/1.14.19/byte-buddy-agent-1.14.19.jar)
WARNING: If a serviceability tool is in use, please run with -XX:+EnableDynamicAgentLoading to hide this warning
WARNING: If a serviceability tool is not in use, please run with -Djdk.instrument.traceUsage for more information
WARNING: Dynamic loading of agents will be disallowed by default in a future release
]]></system-err>
  </testcase>
</testsuite>